Using pre-set license
Built from '2020.3/staging' branch; Version is '2020.3.0f1 (c7b5465681fb) revision 13088070'; Using compiler version '192528614'; Build Type 'Release'
OS: 'Windows 10 Home; OS build 19042.928; Version 2009; 64bit' Language: 'en' Physical Memory: 16306 MB
BatchMode: 1, IsHumanControllingUs: 0, StartBugReporterOnCrash: 0, Is64bit: 1, IsPro: 0

 COMMAND LINE ARGUMENTS:
C:\Program Files\Unity\Hub\Editor\2020.3.0f1\Editor\Unity.exe
-adb2
-batchMode
-noUpm
-name
AssetImportWorker0
-projectPath
C:/Projects/Unity/Paint Hell
-logFile
Logs/AssetImportWorker0.log
-srvPort
58164
Successfully changed project path to: C:/Projects/Unity/Paint Hell
C:/Projects/Unity/Paint Hell
Using Asset Import Pipeline V2.
Refreshing native plugins compatible for Editor in 79.69 ms, found 1 plugins.
Preloading 0 native plugins for Editor in 0.00 ms.
Initialize engine version: 2020.3.0f1 (c7b5465681fb)
[Subsystems] Discovering subsystems at path C:/Program Files/Unity/Hub/Editor/2020.3.0f1/Editor/Data/Resources/UnitySubsystems
[Subsystems] Discovering subsystems at path C:/Projects/Unity/Paint Hell/Assets
GfxDevice: creating device client; threaded=0
Direct3D:
    Version:  Direct3D 11.0 [level 11.1]
    Renderer: NVIDIA GeForce GTX 1650 (ID=0x1f82)
    Vendor:   
    VRAM:     3962 MB
    Driver:   27.21.14.6172
Shader 'Universal Render Pipeline/Particles/Lit': fallback shader 'Universal Render Pipeline/Particles/SimpleLit' not found
Initialize mono
Mono path[0] = 'C:/Program Files/Unity/Hub/Editor/2020.3.0f1/Editor/Data/Managed'
Mono path[1] = 'C:/Program Files/Unity/Hub/Editor/2020.3.0f1/Editor/Data/MonoBleedingEdge/lib/mono/unityjit'
Mono config path = 'C:/Program Files/Unity/Hub/Editor/2020.3.0f1/Editor/Data/MonoBleedingEdge/etc'
Using monoOptions --debugger-agent=transport=dt_socket,embedding=1,server=y,suspend=n,address=127.0.0.1:56688
Begin MonoManager ReloadAssembly
Registering precompiled unity dll's ...
Register platform support module: C:/Program Files/Unity/Hub/Editor/2020.3.0f1/Editor/Data/PlaybackEngines/WebGLSupport/UnityEditor.WebGL.Extensions.dll
Register platform support module: C:/Program Files/Unity/Hub/Editor/2020.3.0f1/Editor/Data/PlaybackEngines/WindowsStandaloneSupport/UnityEditor.WindowsStandalone.Extensions.dll
Registered in 0.002951 seconds.
Native extension for WindowsStandalone target not found
Native extension for WebGL target not found
Refreshing native plugins compatible for Editor in 72.64 ms, found 1 plugins.
Preloading 0 native plugins for Editor in 0.00 ms.
Invoked RoslynAnalysisRunner static constructor.
RoslynAnalysisRunner will not be running.
RoslynAnalysisRunner has terminated.
Mono: successfully reloaded assembly
- Completed reload, in  1.494 seconds
Platform modules already initialized, skipping
Registering precompiled user dll's ...
Registered in 0.002690 seconds.
Begin MonoManager ReloadAssembly
Native extension for WindowsStandalone target not found
Native extension for WebGL target not found
Refreshing native plugins compatible for Editor in 73.74 ms, found 1 plugins.
Preloading 0 native plugins for Editor in 0.00 ms.
Invoked RoslynAnalysisRunner static constructor.
RoslynAnalysisRunner will not be running.
RoslynAnalysisRunner has terminated.
Mono: successfully reloaded assembly
- Completed reload, in  1.303 seconds
Platform modules already initialized, skipping
========================================================================
Worker process is ready to serve import requests
Shader 'Universal Render Pipeline/Particles/Lit': fallback shader 'Universal Render Pipeline/Particles/SimpleLit' not found
Launched and connected shader compiler UnityShaderCompiler.exe after 0.06 seconds
Refreshing native plugins compatible for Editor in 0.64 ms, found 1 plugins.
Preloading 0 native plugins for Editor in 0.00 ms.
Unloading 3289 Unused Serialized files (Serialized files now loaded: 0)
System memory in use before: 142.5 MB.
System memory in use after: 142.7 MB.

Unloading 21 unused Assets to reduce memory usage. Loaded Objects now: 3743.
Total: 3.613200 ms (FindLiveObjects: 0.491500 ms CreateObjectMapping: 0.156200 ms MarkObjects: 2.928900 ms  DeleteObjects: 0.035000 ms)

========================================================================
Received Import Request.
  path: Assets/Characters/Playeroid AI/Wandering Walk Left.asset
  artifactKey: Guid(315f2e49dc9fc9a4bbfdee450a8cb8a5) Importer(815301076,1909f56bfc062723c751e8b465ee728b)
Start importing Assets/Characters/Playeroid AI/Wandering Walk Left.asset using Guid(315f2e49dc9fc9a4bbfdee450a8cb8a5) Importer(815301076,1909f56bfc062723c751e8b465ee728b)  -> (artifact id: '0f3aefff1a08527fba7bf06c498f9735') in 0.051278 seconds
  Import took 0.058421 seconds .

========================================================================
Received Import Request.
  Time since last request: 0.000317 seconds.
  path: Assets/Characters/Playeroid AI/Wandering Walk Right.asset
  artifactKey: Guid(bdb023a25ccb22349a7fe5c99ba29fb2) Importer(815301076,1909f56bfc062723c751e8b465ee728b)
Start importing Assets/Characters/Playeroid AI/Wandering Walk Right.asset using Guid(bdb023a25ccb22349a7fe5c99ba29fb2) Importer(815301076,1909f56bfc062723c751e8b465ee728b)  -> (artifact id: 'efe2ff50f8460db90a477ebcca888e34') in 0.011541 seconds
  Import took 0.018117 seconds .

========================================================================
Received Import Request.
  Time since last request: 74.988416 seconds.
  path: Assets/Custom Particles/Colored Spray/Colored Spray.prefab
  artifactKey: Guid(0a8514695a84329408deed70556b11fd) Importer(815301076,1909f56bfc062723c751e8b465ee728b)
Start importing Assets/Custom Particles/Colored Spray/Colored Spray.prefab using Guid(0a8514695a84329408deed70556b11fd) Importer(815301076,1909f56bfc062723c751e8b465ee728b)  -> (artifact id: 'd71cd7feac3fabf3339148442edf25e1') in 0.240161 seconds
  Import took 0.246034 seconds .

========================================================================
Received Prepare
Registering precompiled user dll's ...
Registered in 0.001957 seconds.
Begin MonoManager ReloadAssembly
Native extension for WindowsStandalone target not found
Native extension for WebGL target not found
Refreshing native plugins compatible for Editor in 0.63 ms, found 1 plugins.
Preloading 0 native plugins for Editor in 0.00 ms.
Invoked RoslynAnalysisRunner static constructor.
RoslynAnalysisRunner will not be running.
RoslynAnalysisRunner has terminated.
Mono: successfully reloaded assembly
- Completed reload, in  1.202 seconds
Platform modules already initialized, skipping
Shader 'Universal Render Pipeline/Particles/Lit': fallback shader 'Universal Render Pipeline/Particles/SimpleLit' not found
Refreshing native plugins compatible for Editor in 0.62 ms, found 1 plugins.
Preloading 0 native plugins for Editor in 0.00 ms.
Unloading 3175 Unused Serialized files (Serialized files now loaded: 0)
System memory in use before: 141.6 MB.
System memory in use after: 141.8 MB.

Unloading 8 unused Assets to reduce memory usage. Loaded Objects now: 3792.
Total: 4.561800 ms (FindLiveObjects: 0.546900 ms CreateObjectMapping: 0.180400 ms MarkObjects: 3.806300 ms  DeleteObjects: 0.025400 ms)

========================================================================
Received Import Request.
  Time since last request: 95.484226 seconds.
  path: Assets/Characters/Playeroid AI/GapAheadDecision.cs
  artifactKey: Guid(6ec002603e74c6e42a233da6635d351a) Importer(815301076,1909f56bfc062723c751e8b465ee728b)
Start importing Assets/Characters/Playeroid AI/GapAheadDecision.cs using Guid(6ec002603e74c6e42a233da6635d351a) Importer(815301076,1909f56bfc062723c751e8b465ee728b)  -> (artifact id: '333a74620007c5253a1fc3f3306c3504') in 0.025085 seconds
  Import took 0.031930 seconds .

========================================================================
Received Prepare
Registering precompiled user dll's ...
Registered in 0.002126 seconds.
Begin MonoManager ReloadAssembly
Native extension for WindowsStandalone target not found
Native extension for WebGL target not found
Refreshing native plugins compatible for Editor in 0.97 ms, found 1 plugins.
Preloading 0 native plugins for Editor in 0.00 ms.
Invoked RoslynAnalysisRunner static constructor.
RoslynAnalysisRunner will not be running.
RoslynAnalysisRunner has terminated.
Mono: successfully reloaded assembly
- Completed reload, in  1.274 seconds
Platform modules already initialized, skipping
Shader 'Universal Render Pipeline/Particles/Lit': fallback shader 'Universal Render Pipeline/Particles/SimpleLit' not found
Refreshing native plugins compatible for Editor in 0.75 ms, found 1 plugins.
Preloading 0 native plugins for Editor in 0.00 ms.
Unloading 3176 Unused Serialized files (Serialized files now loaded: 0)
System memory in use before: 141.7 MB.
System memory in use after: 141.9 MB.

Unloading 8 unused Assets to reduce memory usage. Loaded Objects now: 3797.
Total: 4.729900 ms (FindLiveObjects: 0.843800 ms CreateObjectMapping: 0.471400 ms MarkObjects: 3.381600 ms  DeleteObjects: 0.031600 ms)

========================================================================
Received Import Request.
  Time since last request: 583.284898 seconds.
  path: Assets/Characters/Playeroid AI/GapAheadDecision.cs
  artifactKey: Guid(6ec002603e74c6e42a233da6635d351a) Importer(815301076,1909f56bfc062723c751e8b465ee728b)
Start importing Assets/Characters/Playeroid AI/GapAheadDecision.cs using Guid(6ec002603e74c6e42a233da6635d351a) Importer(815301076,1909f56bfc062723c751e8b465ee728b)  -> (artifact id: '9c44d0c1f8de57923c9ff10ad82f4fe3') in 0.009422 seconds
  Import took 0.017545 seconds .

